2019-08-16 17:53:08,609 ERROR: Exception on /explore [GET] [in /Users/peterhychan/.local/share/virtualenvs/flaskblog-s-89An1C/lib/python3.7/site-packages/flask/app.py:1891]
Traceback (most recent call last):
  File "/Users/peterhychan/.local/share/virtualenvs/flaskblog-s-89An1C/lib/python3.7/site-packages/flask/app.py", line 2446, in wsgi_app
    response = self.full_dispatch_request()
  File "/Users/peterhychan/.local/share/virtualenvs/flaskblog-s-89An1C/lib/python3.7/site-packages/flask/app.py", line 1951, in full_dispatch_request
    rv = self.handle_user_exception(e)
  File "/Users/peterhychan/.local/share/virtualenvs/flaskblog-s-89An1C/lib/python3.7/site-packages/flask/app.py", line 1820, in handle_user_exception
    reraise(exc_type, exc_value, tb)
  File "/Users/peterhychan/.local/share/virtualenvs/flaskblog-s-89An1C/lib/python3.7/site-packages/flask/_compat.py", line 39, in reraise
    raise value
  File "/Users/peterhychan/.local/share/virtualenvs/flaskblog-s-89An1C/lib/python3.7/site-packages/flask/app.py", line 1949, in full_dispatch_request
    rv = self.dispatch_request()
  File "/Users/peterhychan/.local/share/virtualenvs/flaskblog-s-89An1C/lib/python3.7/site-packages/flask/app.py", line 1935, in dispatch_request
    return self.view_functions[rule.endpoint](**req.view_args)
  File "/Users/peterhychan/.local/share/virtualenvs/flaskblog-s-89An1C/lib/python3.7/site-packages/flask_login/utils.py", line 261, in decorated_view
    return func(*args, **kwargs)
  File "/Users/peterhychan/Desktop/flaskblog/app/routes.py", line 135, in explore
    next_url = url_for('explore', page=posts.next_num) \
UnboundLocalError: local variable 'posts' referenced before assignment
2019-08-16 18:03:04,858 INFO: Microblog startup [in /Users/peterhychan/Desktop/flaskblog/app/__init__.py:42]
2019-08-16 20:55:50,182 INFO: Microblog startup [in /Users/peterhychan/Desktop/flaskblog/app/__init__.py:44]
2019-08-16 20:56:10,350 ERROR: Exception on /reset_password_request [POST] [in /Users/peterhychan/.local/share/virtualenvs/flaskblog-s-89An1C/lib/python3.7/site-packages/flask/app.py:1891]
Traceback (most recent call last):
  File "/Users/peterhychan/.local/share/virtualenvs/flaskblog-s-89An1C/lib/python3.7/site-packages/flask/app.py", line 2446, in wsgi_app
    response = self.full_dispatch_request()
  File "/Users/peterhychan/.local/share/virtualenvs/flaskblog-s-89An1C/lib/python3.7/site-packages/flask/app.py", line 1951, in full_dispatch_request
    rv = self.handle_user_exception(e)
  File "/Users/peterhychan/.local/share/virtualenvs/flaskblog-s-89An1C/lib/python3.7/site-packages/flask/app.py", line 1820, in handle_user_exception
    reraise(exc_type, exc_value, tb)
  File "/Users/peterhychan/.local/share/virtualenvs/flaskblog-s-89An1C/lib/python3.7/site-packages/flask/_compat.py", line 39, in reraise
    raise value
  File "/Users/peterhychan/.local/share/virtualenvs/flaskblog-s-89An1C/lib/python3.7/site-packages/flask/app.py", line 1949, in full_dispatch_request
    rv = self.dispatch_request()
  File "/Users/peterhychan/.local/share/virtualenvs/flaskblog-s-89An1C/lib/python3.7/site-packages/flask/app.py", line 1935, in dispatch_request
    return self.view_functions[rule.endpoint](**req.view_args)
  File "/Users/peterhychan/Desktop/flaskblog/app/routes.py", line 165, in reset_password_request
    send_password_reset_email(user)
  File "/Users/peterhychan/Desktop/flaskblog/app/email.py", line 15, in send_password_reset_email
    sender=app.config['ADMINS'][0],
NameError: name 'app' is not defined
2019-08-16 21:22:58,022 INFO: Microblog startup [in /Users/peterhychan/Desktop/flaskblog/app/__init__.py:46]
2019-08-16 21:31:10,016 INFO: Microblog startup [in /Users/peterhychan/Desktop/flaskblog/app/__init__.py:48]
2019-08-17 14:54:56,787 INFO: Microblog startup [in /Users/peterhychan/Desktop/flaskblog/app/__init__.py:48]
2019-08-17 14:59:35,801 INFO: Microblog startup [in /Users/peterhychan/Desktop/flaskblog/app/__init__.py:48]
2019-08-17 15:16:57,955 INFO: Microblog startup [in /Users/peterhychan/Desktop/flaskblog/app/__init__.py:48]
2019-08-17 15:21:14,539 INFO: Microblog startup [in /Users/peterhychan/Desktop/flaskblog/app/__init__.py:48]
2019-08-17 15:22:21,936 INFO: Microblog startup [in /Users/peterhychan/Desktop/flaskblog/app/__init__.py:48]
2019-08-17 15:29:53,022 INFO: Microblog startup [in /Users/peterhychan/Desktop/flaskblog/app/__init__.py:48]
2019-08-26 22:57:13,384 INFO: Microblog startup [in /Users/peterhychan/Desktop/flaskblog/app/__init__.py:48]
